(Reading database ... 71113 files and directories currently installed.)
Preparing to unpack .../libc6_2.27-3ubuntu1_amd64.deb ...
Unpacking libc6:amd64 (2.27-3ubuntu1) over (2.27-3ubuntu1) ...
Selecting previously unselected package sshpass.
Preparing to unpack .../sshpass_1.06-1_amd64.deb ...
Unpacking sshpass (1.06-1) ...
Setting up libc6:amd64 (2.27-3ubuntu1) ...
Setting up sshpass (1.06-1) ...
Processing triggers for libc-bin (2.27-3ubuntu1) ...
Processing triggers for man-db (2.8.3-2ubuntu0.1) ...
Selecting previously unselected package conntrack.
(Reading database ... 71118 files and directories currently installed.)
Preparing to unpack .../conntrack_1.4.4+snapshot20161117-6ubuntu2_amd64.deb ...
Unpacking conntrack (1:1.4.4+snapshot20161117-6ubuntu2) ...
Selecting previously unselected package cri-tools.
Preparing to unpack .../cri-tools_1.13.0-00_amd64_6930e446a683884314deef354fbd8a7c5fc2be5c69c58903ad83b69b42529da4.deb ...
Unpacking cri-tools (1.13.0-00) ...
Preparing to unpack .../cri-tools_1.13.0-00_amd64.deb ...
Unpacking cri-tools (1.13.0-00) over (1.13.0-00) ...
Selecting previously unselected package kubeadm.
Preparing to unpack .../kubeadm_1.18.3-00_amd64_c3b236a6863db8907043301ff25c6e2738e296991302c5d0b1f52bd2dda2dd58.deb ...
Unpacking kubeadm (1.18.3-00) ...
Selecting previously unselected package kubectl.
Preparing to unpack .../kubectl_1.18.3-00_amd64.deb ...
Unpacking kubectl (1.18.3-00) ...
Preparing to unpack .../kubectl_1.18.3-00_amd64_e839fc255a414a087fbf8a380ca7062953a3dacc6633bafa935ac0281f7846d1.deb ...
Unpacking kubectl (1.18.3-00) over (1.18.3-00) ...
Selecting previously unselected package kubelet.
Preparing to unpack .../kubelet_1.18.3-00_amd64.deb ...
Unpacking kubelet (1.18.3-00) ...
Preparing to unpack .../kubelet_1.18.3-00_amd64_fb432bb5f4ff7c42123ba2d8f961b57378d8e1f9d571e1ee05d9b92f3bb0114a.deb ...
Unpacking kubelet (1.18.3-00) over (1.18.3-00) ...
Selecting previously unselected package kubernetes-cni.
Preparing to unpack .../kubernetes-cni_0.7.5-00_amd64_b38a324bb34f923d353203adf0e048f3b911f49fa32f1d82051a71ecfe2cd184.deb ...
Unpacking kubernetes-cni (0.7.5-00) ...
Preparing to unpack .../kubernetes-cni_0.7.5-00_amd64.deb ...
Unpacking kubernetes-cni (0.7.5-00) over (0.7.5-00) ...
Selecting previously unselected package socat.
Preparing to unpack .../socat_1.7.3.2-2ubuntu2_amd64.deb ...
Unpacking socat (1.7.3.2-2ubuntu2) ...
More than one copy of package cri-tools has been unpacked
 in this run !  Only configuring it once.
More than one copy of package kubectl has been unpacked
 in this run !  Only configuring it once.
More than one copy of package kubelet has been unpacked
 in this run !  Only configuring it once.
More than one copy of package kubernetes-cni has been unpacked
 in this run !  Only configuring it once.
Setting up conntrack (1:1.4.4+snapshot20161117-6ubuntu2) ...
Setting up cri-tools (1.13.0-00) ...
Setting up kubectl (1.18.3-00) ...
Setting up kubernetes-cni (0.7.5-00) ...
Setting up socat (1.7.3.2-2ubuntu2) ...
Setting up kubelet (1.18.3-00) ...
Created symlink /etc/systemd/system/multi-user.target.wants/kubelet.service → /lib/systemd/system/kubelet.service.
Setting up kubeadm (1.18.3-00) ...
Processing triggers for man-db (2.8.3-2ubuntu0.1) ...
(Reading database ... 71189 files and directories currently installed.)
Preparing to unpack .../kubectl_1.18.3-00_amd64_e839fc255a414a087fbf8a380ca7062953a3dacc6633bafa935ac0281f7846d1.deb ...
Unpacking kubectl (1.18.3-00) over (1.18.3-00) ...
Setting up kubectl (1.18.3-00) ...
(Reading database ... 71189 files and directories currently installed.)
Preparing to unpack .../conntrack_1%3a1.4.4+snapshot20161117-6ubuntu2_amd64.deb ...
Unpacking conntrack (1:1.4.4+snapshot20161117-6ubuntu2) over (1:1.4.4+snapshot20161117-6ubuntu2) ...
Preparing to unpack .../conntrack_1.4.4+snapshot20161117-6ubuntu2_amd64.deb ...
Unpacking conntrack (1:1.4.4+snapshot20161117-6ubuntu2) over (1:1.4.4+snapshot20161117-6ubuntu2) ...
Preparing to unpack .../ebtables_2.0.10.4-3.5ubuntu2.18.04.3_amd64.deb ...
Unpacking ebtables (2.0.10.4-3.5ubuntu2.18.04.3) over (2.0.10.4-3.5ubuntu2.18.04.3) ...
Preparing to unpack .../ethtool_1%3a4.15-0ubuntu1_amd64.deb ...
Unpacking ethtool (1:4.15-0ubuntu1) over (1:4.15-0ubuntu1) ...
Preparing to unpack .../iproute2_4.15.0-2ubuntu1.1_amd64.deb ...
Unpacking iproute2 (4.15.0-2ubuntu1.1) over (4.15.0-2ubuntu1) ...
Preparing to unpack .../iptables_1.6.1-2ubuntu2_amd64.deb ...
Unpacking iptables (1.6.1-2ubuntu2) over (1.6.1-2ubuntu2) ...
Preparing to unpack .../kubelet_1.18.3-00_amd64_fb432bb5f4ff7c42123ba2d8f961b57378d8e1f9d571e1ee05d9b92f3bb0114a.deb ...
Unpacking kubelet (1.18.3-00) over (1.18.3-00) ...
Preparing to unpack .../kubernetes-cni_0.7.5-00_amd64_b38a324bb34f923d353203adf0e048f3b911f49fa32f1d82051a71ecfe2cd184.deb ...
Unpacking kubernetes-cni (0.7.5-00) over (0.7.5-00) ...
Preparing to unpack .../kubernetes-cni_0.7.5-00_amd64.deb ...
Unpacking kubernetes-cni (0.7.5-00) over (0.7.5-00) ...
Preparing to unpack .../mount_2.31.1-0.4ubuntu3.6_amd64.deb ...
Unpacking mount (2.31.1-0.4ubuntu3.6) over (2.31.1-0.4ubuntu3.5) ...
Preparing to unpack .../socat_1.7.3.2-2ubuntu2_amd64.deb ...
Unpacking socat (1.7.3.2-2ubuntu2) over (1.7.3.2-2ubuntu2) ...
Preparing to unpack .../util-linux_2.31.1-0.4ubuntu3.6_amd64.deb ...
Unpacking util-linux (2.31.1-0.4ubuntu3.6) over (2.31.1-0.4ubuntu3.5) ...
More than one copy of package conntrack has been unpacked
 in this run !  Only configuring it once.
More than one copy of package kubernetes-cni has been unpacked
 in this run !  Only configuring it once.
Setting up conntrack (1:1.4.4+snapshot20161117-6ubuntu2) ...
Setting up ebtables (2.0.10.4-3.5ubuntu2.18.04.3) ...
update-rc.d: warning: start and stop actions are no longer supported; falling back to defaults
Setting up ethtool (1:4.15-0ubuntu1) ...
Setting up iproute2 (4.15.0-2ubuntu1.1) ...
Setting up iptables (1.6.1-2ubuntu2) ...
Setting up kubernetes-cni (0.7.5-00) ...
Setting up socat (1.7.3.2-2ubuntu2) ...
Setting up util-linux (2.31.1-0.4ubuntu3.6) ...
Setting up mount (2.31.1-0.4ubuntu3.6) ...
Setting up kubelet (1.18.3-00) ...
Processing triggers for man-db (2.8.3-2ubuntu0.1) ...
Processing triggers for ureadahead (0.100.0-21) ...
Processing triggers for systemd (237-3ubuntu10.39) ...
Processing triggers for mime-support (3.60ubuntu1) ...
127.0.0.1	localhost

# The following lines are desirable for IPv6 capable hosts
::1	ip6-localhost	ip6-loopback
fe00::0	ip6-localnet
ff00::0	ip6-mcastprefix
ff02::1	ip6-allnodes
ff02::2	ip6-allrouters
ff02::3	ip6-allhosts
127.0.1.1	unipaas-host	unipaas-host

[37m
[0m